{"uid":"e543ccbebebd3bcc","name":"Successful deleting project","fullName":"SpecFlowProject3/Features/DeleteProjectFeature/Successful deleting project","historyId":"86dd8c015fa67d23692d0c7c1c62d123","time":{"start":1713908545165,"stop":1713908547292,"duration":2127},"status":"failed","statusMessage":"  Assert.That(AdminPanelProjects!.DeleteDialogWindowBy.Text, Is.EqualTo(\"Delete project\"))\n  Expected string length 14 but was 0. Strings differ at index 0.\n  Expected: \"Delete project\"\n  But was:  <string.Empty>\n  -----------^\n","statusTrace":"NUnit.Framework.AssertionException:   Assert.That(AdminPanelProjects!.DeleteDialogWindowBy.Text, Is.EqualTo(\"Delete project\"))\n  Expected string length 14 but was 0. Strings differ at index 0.\n  Expected: \"Delete project\"\n  But was:  <string.Empty>\n  -----------^\n\n   at NUnit.Framework.Assert.ReportFailure(String message)\n   at NUnit.Framework.Assert.ReportFailure(ConstraintResult result, String message, String actualExpression, String constraintExpression)\n   at NUnit.Framework.Assert.That[TActual](TActual actual, IResolveConstraint expression, NUnitString message, String actualExpression, String constraintExpression)\n   at SpecFlowProject3.StepDefinitions.GUI.DeleteProjectGuiStepsDefs.ModalDialogIsOpened() in /home/runner/work/FinalWork/FinalWork/SpecFlowProject3/StepDefinitions/GUI/DeleteProjectGuiStepsDefs.cs:line 53\n   at InvokeStub_Action`1.Invoke(Object, Span`1)\n   at System.Reflection.MethodBaseInvoker.InvokeWithOneArg(Object obj, BindingFlags invokeAttr, Binder binder, Object[] parameters, CultureInfo culture)\n   at TechTalk.SpecFlow.Bindings.BindingInvoker.InvokeBinding(IBinding binding, IContextManager contextManager, Object[] arguments, ITestTracer testTracer, TimeSpan& duration)\n   at Allure.SpecFlowPlugin.AllureBindingInvoker.InvokeBinding(IBinding binding, IContextManager contextManager, Object[] arguments, ITestTracer testTracer, TimeSpan& duration)\n   at TechTalk.SpecFlow.Infrastructure.TestExecutionEngine.ExecuteStepMatch(BindingMatch match, Object[] arguments, TimeSpan& duration)\n   at TechTalk.SpecFlow.Infrastructure.TestExecutionEngine.ExecuteStep(IContextManager contextManager, StepInstance stepInstance)","flaky":false,"newFailed":true,"newBroken":false,"newPassed":false,"retriesCount":0,"retriesStatusChange":false,"beforeStages":[{"name":"BeforeGUIScenario [10000]","time":{"start":1713908544250,"stop":1713908545165,"duration":915},"status":"passed","steps":[],"attachments":[],"parameters":[],"shouldDisplayMessage":false,"stepsCount":0,"attachmentsCount":0,"hasContent":false}],"testStage":{"status":"failed","statusMessage":"  Assert.That(AdminPanelProjects!.DeleteDialogWindowBy.Text, Is.EqualTo(\"Delete project\"))\n  Expected string length 14 but was 0. Strings differ at index 0.\n  Expected: \"Delete project\"\n  But was:  <string.Empty>\n  -----------^\n","statusTrace":"NUnit.Framework.AssertionException:   Assert.That(AdminPanelProjects!.DeleteDialogWindowBy.Text, Is.EqualTo(\"Delete project\"))\n  Expected string length 14 but was 0. Strings differ at index 0.\n  Expected: \"Delete project\"\n  But was:  <string.Empty>\n  -----------^\n\n   at NUnit.Framework.Assert.ReportFailure(String message)\n   at NUnit.Framework.Assert.ReportFailure(ConstraintResult result, String message, String actualExpression, String constraintExpression)\n   at NUnit.Framework.Assert.That[TActual](TActual actual, IResolveConstraint expression, NUnitString message, String actualExpression, String constraintExpression)\n   at SpecFlowProject3.StepDefinitions.GUI.DeleteProjectGuiStepsDefs.ModalDialogIsOpened() in /home/runner/work/FinalWork/FinalWork/SpecFlowProject3/StepDefinitions/GUI/DeleteProjectGuiStepsDefs.cs:line 53\n   at InvokeStub_Action`1.Invoke(Object, Span`1)\n   at System.Reflection.MethodBaseInvoker.InvokeWithOneArg(Object obj, BindingFlags invokeAttr, Binder binder, Object[] parameters, CultureInfo culture)\n   at TechTalk.SpecFlow.Bindings.BindingInvoker.InvokeBinding(IBinding binding, IContextManager contextManager, Object[] arguments, ITestTracer testTracer, TimeSpan& duration)\n   at Allure.SpecFlowPlugin.AllureBindingInvoker.InvokeBinding(IBinding binding, IContextManager contextManager, Object[] arguments, ITestTracer testTracer, TimeSpan& duration)\n   at TechTalk.SpecFlow.Infrastructure.TestExecutionEngine.ExecuteStepMatch(BindingMatch match, Object[] arguments, TimeSpan& duration)\n   at TechTalk.SpecFlow.Infrastructure.TestExecutionEngine.ExecuteStep(IContextManager contextManager, StepInstance stepInstance)","steps":[{"name":"Given  open the login page and enter pass and email","time":{"start":1713908545165,"stop":1713908545708,"duration":543},"status":"passed","steps":[],"attachments":[],"parameters":[],"shouldDisplayMessage":false,"stepsCount":0,"attachmentsCount":0,"hasContent":false},{"name":"Given  user clicks Admin button on HomePage","time":{"start":1713908545708,"stop":1713908545756,"duration":48},"status":"passed","steps":[],"attachments":[],"parameters":[],"shouldDisplayMessage":false,"stepsCount":0,"attachmentsCount":0,"hasContent":false},{"name":"*  user clicks Projects section","time":{"start":1713908545757,"stop":1713908546308,"duration":551},"status":"passed","steps":[],"attachments":[],"parameters":[],"shouldDisplayMessage":false,"stepsCount":0,"attachmentsCount":0,"hasContent":false},{"name":"When  user clicks delete item","time":{"start":1713908546308,"stop":1713908547256,"duration":948},"status":"passed","steps":[],"attachments":[],"parameters":[],"shouldDisplayMessage":false,"stepsCount":0,"attachmentsCount":0,"hasContent":false},{"name":"*  delete modal dialog is opened","time":{"start":1713908547256,"stop":1713908547287,"duration":31},"status":"failed","statusMessage":"  Assert.That(AdminPanelProjects!.DeleteDialogWindowBy.Text, Is.EqualTo(\"Delete project\"))\n  Expected string length 14 but was 0. Strings differ at index 0.\n  Expected: \"Delete project\"\n  But was:  <string.Empty>\n  -----------^\n","statusTrace":"NUnit.Framework.AssertionException:   Assert.That(AdminPanelProjects!.DeleteDialogWindowBy.Text, Is.EqualTo(\"Delete project\"))\n  Expected string length 14 but was 0. Strings differ at index 0.\n  Expected: \"Delete project\"\n  But was:  <string.Empty>\n  -----------^\n\n   at NUnit.Framework.Assert.ReportFailure(String message)\n   at NUnit.Framework.Assert.ReportFailure(ConstraintResult result, String message, String actualExpression, String constraintExpression)\n   at NUnit.Framework.Assert.That[TActual](TActual actual, IResolveConstraint expression, NUnitString message, String actualExpression, String constraintExpression)\n   at SpecFlowProject3.StepDefinitions.GUI.DeleteProjectGuiStepsDefs.ModalDialogIsOpened() in /home/runner/work/FinalWork/FinalWork/SpecFlowProject3/StepDefinitions/GUI/DeleteProjectGuiStepsDefs.cs:line 53\n   at InvokeStub_Action`1.Invoke(Object, Span`1)\n   at System.Reflection.MethodBaseInvoker.InvokeWithOneArg(Object obj, BindingFlags invokeAttr, Binder binder, Object[] parameters, CultureInfo culture)\n   at TechTalk.SpecFlow.Bindings.BindingInvoker.InvokeBinding(IBinding binding, IContextManager contextManager, Object[] arguments, ITestTracer testTracer, TimeSpan& duration)\n   at Allure.SpecFlowPlugin.AllureBindingInvoker.InvokeBinding(IBinding binding, IContextManager contextManager, Object[] arguments, ITestTracer testTracer, TimeSpan& duration)\n   at TechTalk.SpecFlow.Infrastructure.TestExecutionEngine.ExecuteStepMatch(BindingMatch match, Object[] arguments, TimeSpan& duration)\n   at TechTalk.SpecFlow.Infrastructure.TestExecutionEngine.ExecuteStep(IContextManager contextManager, StepInstance stepInstance)","steps":[],"attachments":[],"parameters":[],"shouldDisplayMessage":true,"stepsCount":0,"attachmentsCount":0,"hasContent":true},{"name":"*  user confirms agreement checkbox","time":{"start":1713908547288,"stop":1713908547288,"duration":0},"status":"skipped","steps":[],"attachments":[],"parameters":[],"shouldDisplayMessage":false,"stepsCount":0,"attachmentsCount":0,"hasContent":false},{"name":"*  user clicks Delete project button","time":{"start":1713908547290,"stop":1713908547290,"duration":0},"status":"skipped","steps":[],"attachments":[],"parameters":[],"shouldDisplayMessage":false,"stepsCount":0,"attachmentsCount":0,"hasContent":false},{"name":"Then  Project successfully deleted","time":{"start":1713908547290,"stop":1713908547290,"duration":0},"status":"skipped","steps":[],"attachments":[],"parameters":[],"shouldDisplayMessage":false,"stepsCount":0,"attachmentsCount":0,"hasContent":false}],"attachments":[],"parameters":[],"shouldDisplayMessage":false,"stepsCount":8,"attachmentsCount":0,"hasContent":true},"afterStages":[{"name":"AfterScenario [10000]","time":{"start":1713908547292,"stop":1713908547442,"duration":150},"status":"passed","steps":[],"attachments":[{"uid":"822672f8d343cd94","name":"Screenshot","source":"822672f8d343cd94.png","type":"image/png","size":75118}],"parameters":[],"shouldDisplayMessage":false,"stepsCount":0,"attachmentsCount":1,"hasContent":true}],"labels":[{"name":"thread","value":"NonParallelWorker"},{"name":"host","value":"fv-az849-631"},{"name":"language","value":"C#"},{"name":"framework","value":"SpecFlow"},{"name":"feature","value":"DeleteProjectFeature"},{"name":"tag","value":"GUI"},{"name":"tag","value":"allure.label.suite:GUI"},{"name":"tag","value":"critical"},{"name":"tag","value":"allure.label.owner:SophiaChida"},{"name":"resultFormat","value":"allure2"}],"parameters":[],"links":[],"hidden":false,"retry":false,"extra":{"severity":"normal","retries":[],"categories":[{"name":"Product defects","matchedStatuses":[],"flaky":false}],"history":{"statistic":{"failed":1,"broken":2,"skipped":0,"passed":0,"unknown":0,"total":3},"items":[{"uid":"a3976de8e5470575","reportUrl":"https://Scofa26.github.io/FinalWork/63//#testresult/a3976de8e5470575","status":"broken","statusDetails":"Exception has been thrown by the target of an invocation. -> session not created: This version of ChromeDriver only supports Chrome version 124\nCurrent browser version is 123.0.6312.122 (SessionNotCreated)","time":{"start":1713908253063,"stop":1713908253064,"duration":1}},{"uid":"87113fefa96f5c37","reportUrl":"https://Scofa26.github.io/FinalWork/62//#testresult/87113fefa96f5c37","status":"broken","statusDetails":"Exception has been thrown by the target of an invocation. -> session not created: This version of ChromeDriver only supports Chrome version 124\nCurrent browser version is 123.0.6312.122 (SessionNotCreated)","time":{"start":1713908121063,"stop":1713908121064,"duration":1}}]},"tags":["critical","GUI","allure.label.suite:GUI","allure.label.owner:SophiaChida"]},"source":"e543ccbebebd3bcc.json","parameterValues":[]}